Build started 02.05.2014 23:36:14.
     1>Project "C:\Users\Админ\Documents\Visual Studio 2012\Projects\SoE\SOE\SoE.vcxproj" on node 2 (Build target(s)).
     1>ClCompile:
         C:\Program Files\Microsoft Visual Studio 11.0\VC\bin\CL.exe /c /IC:\wxWidgets3\include /IC:\wxWidgets3\lib\vc_lib\mswud /ZI /nologo /W3 /WX- /Od /Oy- /D WIN32 /D _DEBUG /D __WXMSW__ /D __WXDEBUG__ /D _WINDOWS /D NOPCH /D _UNICODE /D UNICODE /Gm /EHsc /RTC1 /MDd /GS /fp:precise /Zc:wchar_t /Zc:forScope /Fo"Debug\\" /Fd"Debug\vc110.pdb" /Gd /TP /analyze- /errorReport:prompt Game\Core\Model.cpp
         Model.cpp
     1>c:\users\админ\documents\visual studio 2012\projects\soe\soe\game\core\model.cpp(56): warning C4018: '<' : signed/unsigned mismatch
     1>c:\users\админ\documents\visual studio 2012\projects\soe\soe\game\core\model.cpp(75): warning C4018: '<' : signed/unsigned mismatch
     1>c:\users\админ\documents\visual studio 2012\projects\soe\soe\game\core\model.cpp(92): error C2143: syntax error : missing ';' before '}'
     1>c:\users\админ\documents\visual studio 2012\projects\soe\soe\game\core\model.cpp(297): warning C4018: '<' : signed/unsigned mismatch
     1>Done Building Project "C:\Users\Админ\Documents\Visual Studio 2012\Projects\SoE\SOE\SoE.vcxproj" (Build target(s)) -- FAILED.

Build FAILED.

Time Elapsed 00:00:07.18
